Arguments: 
  /usr/local/bin/node /usr/local/bin/yarn

PATH: 
  /Users/franciscosanchez/.rvm/gems/ruby-2.3.1/bin:/Users/franciscosanchez/.rvm/gems/ruby-2.3.1@global/bin:/Users/franciscosanchez/.rvm/rubies/ruby-2.3.1/bin:/Users/franciscosanchez/Documents/Sites/devkit/bin:/usr/local/bin:/usr/bin:/bin:/usr/sbin:/sbin:/usr/local/MacGPG2/bin:/Library/Frameworks/Mono.framework/Versions/Current/Commands:/Users/franciscosanchez/.rvm/bin

Yarn version: 
  1.10.1

Node version: 
  11.14.0

Platform: 
  darwin x64

Trace: 
  SyntaxError: /Users/franciscosanchez/Documents/Sites/Diet/package.json: Unexpected token } in JSON at position 685
      at JSON.parse (<anonymous>)
      at /usr/local/lib/node_modules/yarn/lib/cli.js:1136:59
      at Generator.next (<anonymous>)
      at step (/usr/local/lib/node_modules/yarn/lib/cli.js:98:30)
      at /usr/local/lib/node_modules/yarn/lib/cli.js:109:13

npm manifest: 
  {
    "name": "diet",
    "version": "1.0.0",
    "description": "",
    "main": "index.js",
    "scripts": {
      "start": "react-scripts start",
      "build": "react-scripts build",
      "test": "react-scripts test",
      "eject": "react-scripts eject",
      "dist": "webpack --progress --bail -p --config ./webpack.production.config.js"
    },
    "author": "",
    "license": "ISC",
    "dependencies": {
      "autobind-decorator": "1.4.3",
      "babel-polyfill": "^6.26.0",
      "firebase": "^5.9.0",
      "react": "^16.2.0",
      "react-redux": "^5.0.6",
      "react-router-dom": "^5.0.0",
      "react-test-renderer": "^16.2.0",
      "redux": "^3.7.2",
      "redux-thunk": "^2.3.0",
      "reselect": "^3.0.1",
    },
    "devDependencies": {
      "babel-core": "^6.21.0",
      "babel-plugin-transform-object-rest-spread": "^6.26.0",
      "babel-preset-es2015": "^6.18.0",
      "babel-preset-es2017": "^6.24.1",
      "babel-preset-react": "^6.24.1",
      "css-loader": "^0.26.1",
      "eslint-config-airbnb": "^13.0.0",
      "eslint-loader": "^1.6.1",
      "eslint-plugin-import": "^2.2.0",
      "eslint-plugin-jsx-a11y": "^2.2.3",
      "eslint-plugin-react": "^6.8.0",
      "file-loader": "0.9.0",
      "node-sass": "^4.1.1",
      "prop-types": "^15.5.4",
      "react-cookie": "^1.0.5",
      "react-dom": "^16.2.0",
      "react-scripts": "3.0.0",
      "redux-devtools-extension": "^2.13.2",
      "sass-loader": "^4.1.1",
      "style-loader": "^0.13.1",
      "webpack-dev-server": "^1.16.2",
      "whatwg-fetch": "^2.0.3"
    }
  }

yarn manifest: 
  No manifest

Lockfile: 
  No lockfile
